-------------------------------------------------------------------------------
Test set: guru.springframework.cothascoffee.CothasCoffeeApplicationTests
-------------------------------------------------------------------------------
Tests run: 1, Failures: 0, Errors: 1, Skipped: 0, Time elapsed: 4.008 s <<< FAILURE! - in guru.springframework.cothascoffee.CothasCoffeeApplicationTests
contextLoads  Time elapsed: 0.015 s  <<< ERROR!
java.lang.IllegalStateException: Failed to load ApplicationContext
Caused by: org.springframework.beans.factory.UnsatisfiedDependencyException: Error creating bean with name 'coffeeController' defined in file [D:\Backend\Spring\cothas-coffee\cothas-coffee\cothas-coffee\target\classes\guru\springframework\cothascoffee\web\controller\CoffeeController.class]: Unsatisfied dependency expressed through constructor parameter 0; nested exception is org.springframework.beans.factory.NoSuchBeanDefinitionException: No qualifying bean of type 'guru.springframework.cothascoffee.services.CoffeeService' available: expected at least 1 bean which qualifies as autowire candidate. Dependency annotations: {}
Caused by: org.springframework.beans.factory.NoSuchBeanDefinitionException: No qualifying bean of type 'guru.springframework.cothascoffee.services.CoffeeService' available: expected at least 1 bean which qualifies as autowire candidate. Dependency annotations: {}

